2025-11-05 12:10:26,614 - root - WARNING - OMDB API error: Series not found!
2025-11-05 19:44:02,541 - root - WARNING - OMDB API error: Movie not found!
2025-11-05 20:44:17,785 - root - ERROR - Database operation error: table enhanced_movies has no column named details_id
2025-11-05 20:44:22,232 - root - ERROR - Database operation error: table enhanced_movies has no column named details_id
2025-11-05 20:44:34,606 - root - ERROR - Database operation error: table enhanced_movies has no column named details_id
2025-11-05 20:44:41,166 - root - ERROR - Database operation error: table enhanced_movies has no column named details_id
2025-11-05 20:45:01,590 - root - ERROR - Database operation error: table enhanced_movies has no column named details_id
2025-11-05 20:45:05,090 - root - ERROR - Database operation error: table enhanced_movies has no column named details_id
2025-11-05 20:46:00,804 - root - ERROR - Database operation error: table enhanced_movies has no column named details_id
2025-11-05 20:47:58,006 - root - ERROR - Attempt 1 failed: HTTPConnectionPool(host='www.omdbapi.com', port=80): Read timed out. (read timeout=10)
2025-11-05 20:48:09,254 - root - ERROR - Attempt 1 failed: HTTPConnectionPool(host='www.omdbapi.com', port=80): Read timed out. (read timeout=10)
2025-11-05 20:48:20,304 - root - ERROR - Attempt 2 failed: HTTPConnectionPool(host='www.omdbapi.com', port=80): Read timed out. (read timeout=10)
2025-11-05 20:48:47,049 - root - ERROR - Attempt 1 failed: HTTPConnectionPool(host='www.omdbapi.com', port=80): Read timed out. (read timeout=10)
2025-11-05 20:48:51,605 - root - ERROR - Database operation error: table enhanced_movies has no column named details_id
2025-11-05 20:48:56,376 - root - ERROR - Database operation error: table enhanced_movies has no column named details_id
2025-11-05 20:49:10,185 - root - ERROR - Database operation error: table enhanced_movies has no column named details_id
2025-11-05 21:02:57,862 - root - ERROR - Database operation error: table enhanced_movies has no column named details_id
2025-11-05 21:03:01,919 - root - ERROR - Database operation error: table enhanced_movies has no column named details_id
2025-11-05 21:03:05,792 - root - ERROR - Database operation error: table enhanced_movies has no column named details_id
2025-11-05 21:03:10,964 - root - ERROR - Database operation error: table enhanced_movies has no column named details_id
2025-11-05 21:03:12,643 - root - ERROR - Database operation error: table enhanced_movies has no column named details_id
2025-11-05 21:03:17,376 - root - ERROR - Database operation error: table enhanced_movies has no column named details_id
2025-11-09 19:03:13,016 - root - WARNING - OMDB API error: Incorrect syntax near the keyword 'all'.
2025-11-09 19:03:14,031 - root - WARNING - OMDB API error: Incorrect syntax near the keyword 'all'.
2025-11-09 19:03:15,082 - root - WARNING - OMDB API error: Incorrect syntax near the keyword 'all'.
2025-11-09 19:03:34,779 - root - WARNING - OMDB API error: Incorrect syntax near the keyword 'all'.
2025-11-09 19:03:35,776 - root - WARNING - OMDB API error: Incorrect syntax near the keyword 'all'.
2025-11-09 19:03:36,779 - root - WARNING - OMDB API error: Incorrect syntax near the keyword 'all'.
2025-11-10 10:56:15,364 - root - WARNING - OMDB API error: Incorrect syntax near the keyword 'all'.
2025-11-10 10:56:16,386 - root - WARNING - OMDB API error: Incorrect syntax near the keyword 'all'.
2025-11-10 10:56:17,380 - root - WARNING - OMDB API error: Incorrect syntax near the keyword 'all'.
2025-11-13 10:29:29,311 - root - WARNING - OMDB API error: Incorrect syntax near the keyword 'all'.
2025-11-13 10:29:30,306 - root - WARNING - OMDB API error: Incorrect syntax near the keyword 'all'.
2025-11-13 10:29:31,357 - root - WARNING - OMDB API error: Incorrect syntax near the keyword 'all'.
2025-11-13 10:29:37,841 - root - WARNING - OMDB API error: Incorrect syntax near the keyword 'all'.
2025-11-13 10:29:38,846 - root - WARNING - OMDB API error: Incorrect syntax near the keyword 'all'.
2025-11-13 10:29:39,863 - root - WARNING - OMDB API error: Incorrect syntax near the keyword 'all'.
2025-11-16 00:30:32,525 - root - WARNING - OMDB API error: Incorrect syntax near the keyword 'all'.
2025-11-16 00:30:33,532 - root - WARNING - OMDB API error: Incorrect syntax near the keyword 'all'.
2025-11-16 00:30:34,522 - root - WARNING - OMDB API error: Incorrect syntax near the keyword 'all'.
2025-11-16 01:33:10,959 - root - WARNING - OMDB API error: Incorrect syntax near the keyword 'all'.
2025-11-16 01:33:11,971 - root - WARNING - OMDB API error: Incorrect syntax near the keyword 'all'.
2025-11-16 01:33:13,056 - root - WARNING - OMDB API error: Incorrect syntax near the keyword 'all'.
2025-11-16 01:33:41,889 - root - WARNING - OMDB API error: Incorrect syntax near the keyword 'all'.
2025-11-16 01:33:42,890 - root - WARNING - OMDB API error: Incorrect syntax near the keyword 'all'.
2025-11-16 01:33:43,914 - root - WARNING - OMDB API error: Incorrect syntax near the keyword 'all'.
2025-11-19 15:43:37,629 - root - WARNING - OMDB API error: Incorrect syntax near the keyword 'all'.
2025-11-19 15:43:38,632 - root - WARNING - OMDB API error: Incorrect syntax near the keyword 'all'.
2025-11-19 15:43:39,597 - root - WARNING - OMDB API error: Incorrect syntax near the keyword 'all'.
2025-11-20 01:09:13,381 - root - WARNING - OMDB API error: Too many results.
2025-11-20 01:09:13,837 - root - WARNING - OMDB API error: Too many results.
2025-11-20 01:09:14,635 - root - WARNING - OMDB API error: Too many results.
2025-11-20 01:40:32,148 - root - WARNING - OMDB API error: Too many results.
2025-11-20 01:40:32,452 - root - WARNING - OMDB API error: Too many results.
2025-11-20 01:40:33,435 - root - WARNING - OMDB API error: Too many results.
2025-11-20 01:52:42,599 - root - WARNING - OMDB API error: Movie not found!
2025-11-20 01:56:07,977 - root - WARNING - OMDB API error: Movie not found!
2025-11-20 01:59:07,829 - root - WARNING - OMDB API error: Movie not found!
2025-11-20 02:17:51,017 - root - WARNING - OMDB API error: Movie not found!
2025-11-20 09:55:16,872 - root - WARNING - OMDB API error: Movie not found!
2025-11-20 09:56:32,751 - root - WARNING - OMDB API error: Incorrect syntax near the keyword 'all'.
2025-11-20 09:56:33,757 - root - WARNING - OMDB API error: Incorrect syntax near the keyword 'all'.
2025-11-20 09:56:34,750 - root - WARNING - OMDB API error: Incorrect syntax near the keyword 'all'.
2025-11-20 09:56:54,795 - root - WARNING - OMDB API error: Incorrect syntax near the keyword 'all'.
2025-11-20 09:56:55,764 - root - WARNING - OMDB API error: Incorrect syntax near the keyword 'all'.
2025-11-20 09:56:56,775 - root - WARNING - OMDB API error: Incorrect syntax near the keyword 'all'.
2025-11-20 09:57:21,892 - root - WARNING - OMDB API error: Incorrect syntax near the keyword 'all'.
2025-11-20 09:57:22,874 - root - WARNING - OMDB API error: Incorrect syntax near the keyword 'all'.
2025-11-20 09:57:23,880 - root - WARNING - OMDB API error: Incorrect syntax near the keyword 'all'.
2025-11-20 09:58:53,503 - root - WARNING - OMDB API error: Incorrect syntax near the keyword 'all'.
2025-11-20 09:58:54,500 - root - WARNING - OMDB API error: Incorrect syntax near the keyword 'all'.
2025-11-20 09:58:55,146 - root - WARNING - OMDB API error: Incorrect syntax near the keyword 'all'.
2025-11-20 09:59:10,971 - root - WARNING - OMDB API error: Incorrect syntax near the keyword 'all'.
2025-11-20 09:59:11,953 - root - WARNING - OMDB API error: Incorrect syntax near the keyword 'all'.
2025-11-20 09:59:13,303 - root - WARNING - OMDB API error: Incorrect syntax near the keyword 'all'.
2025-11-20 09:59:32,079 - root - WARNING - OMDB API error: Incorrect syntax near the keyword 'all'.
2025-11-20 09:59:32,259 - root - WARNING - OMDB API error: Incorrect syntax near the keyword 'all'.
2025-11-20 09:59:33,266 - root - WARNING - OMDB API error: Incorrect syntax near the keyword 'all'.
2025-11-20 10:05:34,015 - root - WARNING - OMDB API error: Incorrect syntax near the keyword 'all'.
2025-11-20 10:05:34,314 - root - WARNING - OMDB API error: Incorrect syntax near the keyword 'all'.
2025-11-20 10:05:35,336 - root - WARNING - OMDB API error: Incorrect syntax near the keyword 'all'.
2025-11-20 10:05:51,223 - root - WARNING - OMDB API error: Incorrect syntax near the keyword 'all'.
2025-11-20 10:05:52,210 - root - WARNING - OMDB API error: Incorrect syntax near the keyword 'all'.
2025-11-20 10:05:53,568 - root - WARNING - OMDB API error: Incorrect syntax near the keyword 'all'.
2025-11-21 09:27:39,744 - root - WARNING - OMDB API error: Too many results.
2025-11-21 09:27:40,745 - root - WARNING - OMDB API error: Too many results.
2025-11-21 09:27:41,780 - root - WARNING - OMDB API error: Too many results.
2025-11-21 09:29:06,568 - root - WARNING - OMDB API error: Incorrect syntax near the keyword 'all'.
2025-11-21 09:29:06,777 - root - WARNING - OMDB API error: Incorrect syntax near the keyword 'all'.
2025-11-21 09:29:13,212 - root - WARNING - OMDB API error: Incorrect syntax near the keyword 'all'.
2025-11-21 09:37:34,375 - root - WARNING - OMDB API error: Incorrect syntax near the keyword 'all'.
2025-11-21 09:37:35,335 - root - WARNING - OMDB API error: Incorrect syntax near the keyword 'all'.
2025-11-21 09:37:36,304 - root - WARNING - OMDB API error: Incorrect syntax near the keyword 'all'.
2025-11-21 09:37:36,674 - root - WARNING - OMDB API error: Incorrect syntax near the keyword 'all'.
2025-11-21 09:37:37,751 - root - WARNING - OMDB API error: Incorrect syntax near the keyword 'all'.
2025-11-21 09:37:38,774 - root - WARNING - OMDB API error: Incorrect syntax near the keyword 'all'.
2025-11-21 10:29:20,982 - root - WARNING - OMDB API error: Incorrect syntax near the keyword 'all'.
2025-11-21 10:29:21,902 - root - WARNING - OMDB API error: Incorrect syntax near the keyword 'all'.
2025-11-21 10:29:22,813 - root - WARNING - OMDB API error: Incorrect syntax near the keyword 'all'.
2025-11-21 10:29:46,167 - root - WARNING - OMDB API error: Incorrect syntax near the keyword 'all'.
2025-11-21 10:29:47,137 - root - WARNING - OMDB API error: Incorrect syntax near the keyword 'all'.
2025-11-21 10:29:48,153 - root - WARNING - OMDB API error: Incorrect syntax near the keyword 'all'.
2025-11-25 10:55:13,369 - root - WARNING - OMDB API error: Incorrect syntax near the keyword 'all'.
2025-11-25 10:55:14,383 - root - WARNING - OMDB API error: Incorrect syntax near the keyword 'all'.
2025-11-25 10:55:15,368 - root - WARNING - OMDB API error: Incorrect syntax near the keyword 'all'.
2025-11-25 10:55:24,130 - root - WARNING - OMDB API error: Incorrect syntax near the keyword 'all'.
2025-11-25 10:55:25,108 - root - WARNING - OMDB API error: Incorrect syntax near the keyword 'all'.
2025-11-25 10:55:26,119 - root - WARNING - OMDB API error: Incorrect syntax near the keyword 'all'.
2025-11-25 11:12:24,795 - root - WARNING - OMDB API error: Incorrect syntax near the keyword 'all'.
2025-11-25 11:12:25,777 - root - WARNING - OMDB API error: Incorrect syntax near the keyword 'all'.
2025-11-25 11:12:26,778 - root - WARNING - OMDB API error: Incorrect syntax near the keyword 'all'.
2025-11-25 11:12:27,190 - root - WARNING - OMDB API error: Series not found!
2025-11-28 01:44:50,837 - root - WARNING - OMDB API error: Incorrect syntax near the keyword 'all'.
2025-11-28 01:44:51,844 - root - WARNING - OMDB API error: Incorrect syntax near the keyword 'all'.
2025-11-28 01:44:52,846 - root - WARNING - OMDB API error: Incorrect syntax near the keyword 'all'.
2025-11-28 02:06:08,884 - root - WARNING - OMDB API error: Incorrect syntax near the keyword 'all'.
2025-11-28 02:06:09,874 - root - WARNING - OMDB API error: Incorrect syntax near the keyword 'all'.
2025-11-28 02:06:10,862 - root - WARNING - OMDB API error: Incorrect syntax near the keyword 'all'.
2025-11-28 02:06:18,686 - root - WARNING - OMDB API error: Movie not found!
2025-11-28 02:06:39,765 - root - WARNING - OMDB API error: Incorrect syntax near the keyword 'all'.
2025-11-28 02:06:40,752 - root - WARNING - OMDB API error: Incorrect syntax near the keyword 'all'.
2025-11-28 02:06:41,752 - root - WARNING - OMDB API error: Incorrect syntax near the keyword 'all'.
2025-11-28 02:06:50,316 - root - WARNING - OMDB API error: Movie not found!
2025-12-03 09:53:49,179 - root - WARNING - OMDB API error: Too many results.
2025-12-03 09:53:50,155 - root - WARNING - OMDB API error: Too many results.
2025-12-03 09:53:51,226 - root - WARNING - OMDB API error: Too many results.
2025-12-03 09:54:56,368 - root - WARNING - OMDB API error: Too many results.
2025-12-03 09:54:56,555 - root - WARNING - OMDB API error: Too many results.
2025-12-03 09:54:57,540 - root - WARNING - OMDB API error: Too many results.
2025-12-03 09:57:05,483 - root - WARNING - OMDB API error: Movie not found!
2025-12-03 09:57:05,483 - root - WARNING - No details found for Taare Zameen Par
2025-12-03 09:59:08,474 - root - WARNING - OMDB API error: Movie not found!
2025-12-03 09:59:08,477 - root - WARNING - No details found for Taare Zameen Par
2025-12-03 09:59:17,281 - root - WARNING - OMDB API error: Movie not found!
2025-12-03 09:59:17,282 - root - WARNING - No details found for Bahubali: The Beginning
2025-12-03 09:59:23,977 - root - WARNING - OMDB API error: Movie not found!
2025-12-03 09:59:23,977 - root - WARNING - No details found for Bahubali 2: The Conclusion
2025-12-05 02:55:31,178 - root - WARNING - OMDB API error: Too many results.
2025-12-05 02:55:32,175 - root - WARNING - OMDB API error: Too many results.
2025-12-05 02:55:33,194 - root - WARNING - OMDB API error: Too many results.
2025-12-05 03:24:31,088 - root - WARNING - OMDB API error: Too many results.
2025-12-05 03:24:31,945 - root - WARNING - OMDB API error: Too many results.
2025-12-05 03:24:32,942 - root - WARNING - OMDB API error: Too many results.
2025-12-05 03:24:38,547 - root - WARNING - OMDB API error: Too many results.
2025-12-05 03:24:39,564 - root - WARNING - OMDB API error: Too many results.
2025-12-05 03:24:40,552 - root - WARNING - OMDB API error: Too many results.
2025-12-05 03:24:48,709 - root - WARNING - OMDB API error: Too many results.
2025-12-05 03:24:50,199 - root - WARNING - OMDB API error: Too many results.
2025-12-05 03:24:50,837 - root - WARNING - OMDB API error: Too many results.
2025-12-05 03:24:52,430 - root - WARNING - OMDB API error: Movie not found!
2025-12-05 03:24:52,434 - root - WARNING - No details found for "As " (Sample)
2025-12-05 03:24:52,870 - root - WARNING - OMDB API error: Movie not found!
2025-12-05 03:24:52,871 - root - WARNING - No details found for "As " (Sample)
2025-12-05 03:24:53,098 - root - WARNING - OMDB API error: Movie not found!
2025-12-05 03:24:53,099 - root - WARNING - No details found for "As " (Sample)
2025-12-05 03:24:53,335 - root - WARNING - OMDB API error: Movie not found!
2025-12-05 03:24:53,336 - root - WARNING - No details found for "As " (Sample)
2025-12-05 03:24:53,568 - root - WARNING - OMDB API error: Movie not found!
2025-12-05 03:24:53,569 - root - WARNING - No details found for "As " (Sample)
2025-12-05 03:24:53,771 - root - WARNING - OMDB API error: Movie not found!
2025-12-05 03:24:53,774 - root - WARNING - No details found for "As " (Sample)
2025-12-05 03:24:54,027 - root - WARNING - OMDB API error: Movie not found!
2025-12-05 03:24:54,027 - root - WARNING - No details found for "As " (Sample)
2025-12-05 03:24:54,268 - root - WARNING - OMDB API error: Movie not found!
2025-12-05 03:24:54,272 - root - WARNING - No details found for "As " (Sample)
2025-12-05 03:24:54,549 - root - WARNING - OMDB API error: Movie not found!
2025-12-05 03:24:54,551 - root - WARNING - No details found for "As " (Sample)
2025-12-05 03:24:54,754 - root - WARNING - OMDB API error: Movie not found!
2025-12-05 03:24:54,758 - root - WARNING - No details found for "As " (Sample)
2025-12-05 03:24:58,420 - root - WARNING - OMDB API error: Too many results.
2025-12-05 03:24:59,360 - root - WARNING - OMDB API error: Too many results.
2025-12-05 03:25:00,318 - root - WARNING - OMDB API error: Too many results.
2025-12-05 03:25:02,132 - root - WARNING - OMDB API error: Movie not found!
2025-12-05 03:25:02,137 - root - WARNING - No details found for "As" (Sample)
2025-12-05 03:25:02,348 - root - WARNING - OMDB API error: Movie not found!
2025-12-05 03:25:02,351 - root - WARNING - No details found for "As" (Sample)
2025-12-05 03:25:02,612 - root - WARNING - OMDB API error: Movie not found!
2025-12-05 03:25:02,615 - root - WARNING - No details found for "As" (Sample)
2025-12-05 03:25:02,876 - root - WARNING - OMDB API error: Movie not found!
2025-12-05 03:25:02,880 - root - WARNING - No details found for "As" (Sample)
2025-12-05 03:25:03,159 - root - WARNING - OMDB API error: Movie not found!
2025-12-05 03:25:03,163 - root - WARNING - No details found for "As" (Sample)
2025-12-05 03:25:03,398 - root - WARNING - OMDB API error: Movie not found!
2025-12-05 03:25:03,400 - root - WARNING - No details found for "As" (Sample)
2025-12-05 03:25:03,679 - root - WARNING - OMDB API error: Movie not found!
2025-12-05 03:25:03,681 - root - WARNING - No details found for "As" (Sample)
2025-12-05 03:25:03,966 - root - WARNING - OMDB API error: Movie not found!
2025-12-05 03:25:03,969 - root - WARNING - No details found for "As" (Sample)
2025-12-05 03:30:13,618 - root - WARNING - OMDB API error: Too many results.
2025-12-05 03:30:14,624 - root - WARNING - OMDB API error: Too many results.
2025-12-05 03:30:15,662 - root - WARNING - OMDB API error: Too many results.
2025-12-05 03:30:17,680 - root - WARNING - OMDB API error: Movie not found!
2025-12-05 03:30:17,683 - root - WARNING - No details found for As (Sample)
2025-12-05 03:30:17,931 - root - WARNING - OMDB API error: Movie not found!
2025-12-05 03:30:17,938 - root - WARNING - No details found for As (Sample)
2025-12-05 03:30:18,225 - root - WARNING - OMDB API error: Movie not found!
2025-12-05 03:30:18,227 - root - WARNING - No details found for As (Sample)
2025-12-05 03:30:18,470 - root - WARNING - OMDB API error: Movie not found!
2025-12-05 03:30:18,472 - root - WARNING - No details found for As (Sample)
2025-12-05 03:33:19,731 - root - WARNING - OMDB API error: Too many results.
2025-12-05 03:33:20,726 - root - WARNING - OMDB API error: Too many results.
2025-12-05 03:33:21,715 - root - WARNING - OMDB API error: Too many results.
2025-12-05 03:33:22,707 - root - WARNING - OMDB API error: Movie not found!
2025-12-05 03:33:22,710 - root - WARNING - No details found for As (Sample)
2025-12-05 03:33:22,920 - root - WARNING - OMDB API error: Movie not found!
2025-12-05 03:33:22,921 - root - WARNING - No details found for As (Sample)
2025-12-05 03:33:23,145 - root - WARNING - OMDB API error: Movie not found!
2025-12-05 03:33:23,146 - root - WARNING - No details found for As (Sample)
2025-12-05 03:33:23,356 - root - WARNING - OMDB API error: Movie not found!
2025-12-05 03:33:23,357 - root - WARNING - No details found for As (Sample)
2025-12-05 03:34:56,435 - root - WARNING - OMDB API error: Too many results.
2025-12-05 03:34:57,437 - root - WARNING - OMDB API error: Too many results.
2025-12-05 03:34:58,418 - root - WARNING - OMDB API error: Too many results.
2025-12-05 03:34:59,615 - root - WARNING - OMDB API error: Movie not found!
2025-12-05 03:34:59,617 - root - WARNING - No details found for @#$%$ (Sample)
2025-12-05 03:34:59,816 - root - WARNING - OMDB API error: Movie not found!
2025-12-05 03:34:59,816 - root - WARNING - No details found for @#$%$ (Sample)
2025-12-05 03:35:00,065 - root - WARNING - OMDB API error: Movie not found!
2025-12-05 03:35:00,088 - root - WARNING - No details found for @#$%$ (Sample)
2025-12-05 03:35:00,359 - root - WARNING - OMDB API error: Movie not found!
2025-12-05 03:35:00,362 - root - WARNING - No details found for @#$%$ (Sample)
2025-12-05 03:35:00,626 - root - WARNING - OMDB API error: Movie not found!
2025-12-05 03:35:00,628 - root - WARNING - No details found for @#$%$ (Sample)
2025-12-05 03:35:00,847 - root - WARNING - OMDB API error: Movie not found!
2025-12-05 03:35:00,848 - root - WARNING - No details found for @#$%$ (Sample)
2025-12-05 03:35:01,089 - root - WARNING - OMDB API error: Movie not found!
2025-12-05 03:35:01,091 - root - WARNING - No details found for @#$%$ (Sample)
2025-12-05 03:35:01,317 - root - WARNING - OMDB API error: Movie not found!
2025-12-05 03:35:01,320 - root - WARNING - No details found for @#$%$ (Sample)
2025-12-05 03:35:01,554 - root - WARNING - OMDB API error: Movie not found!
2025-12-05 03:35:01,557 - root - WARNING - No details found for @#$%$ (Sample)
2025-12-05 03:35:01,780 - root - WARNING - OMDB API error: Movie not found!
2025-12-05 03:35:01,783 - root - WARNING - No details found for @#$%$ (Sample)
2025-12-05 03:44:48,547 - root - WARNING - OMDB API error: Too many results.
2025-12-05 03:44:49,563 - root - WARNING - OMDB API error: Too many results.
2025-12-05 03:44:50,579 - root - WARNING - OMDB API error: Too many results.
2025-12-05 03:44:53,047 - root - WARNING - OMDB API error: Movie not found!
2025-12-05 03:44:53,049 - root - WARNING - No details found for @#$%$ (Sample)
2025-12-05 03:44:53,257 - root - WARNING - OMDB API error: Movie not found!
2025-12-05 03:44:53,258 - root - WARNING - No details found for @#$%$ (Sample)
2025-12-05 03:44:53,487 - root - WARNING - OMDB API error: Movie not found!
2025-12-05 03:44:53,487 - root - WARNING - No details found for @#$%$ (Sample)
2025-12-05 03:44:53,699 - root - WARNING - OMDB API error: Movie not found!
2025-12-05 03:44:53,701 - root - WARNING - No details found for @#$%$ (Sample)
2025-12-05 03:44:53,998 - root - WARNING - OMDB API error: Movie not found!
2025-12-05 03:44:54,001 - root - WARNING - No details found for @#$%$ (Sample)
2025-12-05 03:44:54,243 - root - WARNING - OMDB API error: Movie not found!
2025-12-05 03:44:54,247 - root - WARNING - No details found for @#$%$ (Sample)
2025-12-05 03:44:54,535 - root - WARNING - OMDB API error: Movie not found!
2025-12-05 03:44:54,538 - root - WARNING - No details found for @#$%$ (Sample)
2025-12-05 03:44:54,790 - root - WARNING - OMDB API error: Movie not found!
2025-12-05 03:44:54,795 - root - WARNING - No details found for @#$%$ (Sample)
2025-12-05 03:44:55,102 - root - WARNING - OMDB API error: Movie not found!
2025-12-05 03:44:55,105 - root - WARNING - No details found for @#$%$ (Sample)
2025-12-05 03:44:55,381 - root - WARNING - OMDB API error: Movie not found!
2025-12-05 03:44:55,385 - root - WARNING - No details found for @#$%$ (Sample)
2025-12-05 04:32:48,739 - root - WARNING - OMDB API error: Movie not found!
2025-12-05 04:32:48,743 - root - WARNING - No details found for Taare Zameen Par
2025-12-05 04:32:58,702 - root - WARNING - OMDB API error: Movie not found!
2025-12-05 04:32:58,703 - root - WARNING - No details found for Bahubali: The Beginning
2025-12-05 04:33:06,895 - root - WARNING - OMDB API error: Movie not found!
2025-12-05 04:33:06,896 - root - WARNING - No details found for Bahubali 2: The Conclusion
2025-12-05 04:43:59,763 - root - WARNING - OMDB API error: Movie not found!
2025-12-05 04:43:59,765 - root - WARNING - No details found for Taare Zameen Par
2025-12-05 04:44:09,971 - root - WARNING - OMDB API error: Movie not found!
2025-12-05 04:44:09,972 - root - WARNING - No details found for Bahubali: The Beginning
2025-12-05 04:44:18,707 - root - WARNING - OMDB API error: Movie not found!
2025-12-05 04:44:18,708 - root - WARNING - No details found for Bahubali 2: The Conclusion
2026-04-07 14:52:26,614 - root - WARNING - OMDB API error: Movie not found!
2026-04-07 14:52:27,695 - root - WARNING - OMDB API error: Movie not found!
2026-04-07 14:52:27,695 - root - WARNING - No details found for Sad Sci-Fi (Sample)
2026-04-07 14:52:27,984 - root - WARNING - OMDB API error: Movie not found!
2026-04-07 14:52:27,985 - root - WARNING - No details found for Sad Sci-Fi (Sample)
2026-04-07 14:52:28,301 - root - WARNING - OMDB API error: Movie not found!
2026-04-07 14:52:28,301 - root - WARNING - No details found for Sad Sci-Fi (Sample)
2026-04-07 14:52:28,572 - root - WARNING - OMDB API error: Movie not found!
2026-04-07 14:52:28,572 - root - WARNING - No details found for Sad Sci-Fi (Sample)
2026-04-07 14:52:28,876 - root - WARNING - OMDB API error: Movie not found!
2026-04-07 14:52:28,877 - root - WARNING - No details found for Sad Sci-Fi (Sample)
2026-04-07 14:52:29,774 - root - WARNING - OMDB API error: Movie not found!
2026-04-07 14:52:29,775 - root - WARNING - No details found for Sad Sci-Fi (Sample)
2026-04-07 14:52:32,825 - root - WARNING - OMDB API error: Movie not found!
2026-04-07 14:52:32,825 - root - WARNING - No details found for Sad Sci-Fi (Sample)
2026-04-07 14:52:33,612 - root - WARNING - OMDB API error: Movie not found!
2026-04-07 14:52:33,613 - root - WARNING - No details found for Sad Sci-Fi (Sample)
2026-04-07 14:52:33,887 - root - WARNING - OMDB API error: Movie not found!
2026-04-07 14:52:33,887 - root - WARNING - No details found for Sad Sci-Fi (Sample)
2026-04-07 14:52:34,156 - root - WARNING - OMDB API error: Movie not found!
2026-04-07 14:52:34,157 - root - WARNING - No details found for Sad Sci-Fi (Sample)
2026-04-07 14:52:47,512 - root - WARNING - OMDB API error: Movie not found!
2026-04-07 14:52:48,451 - root - WARNING - OMDB API error: Movie not found!
2026-04-07 14:52:48,452 - root - WARNING - No details found for Sad Sci-Fi (Sample)
2026-04-07 14:52:48,735 - root - WARNING - OMDB API error: Movie not found!
2026-04-07 14:52:48,736 - root - WARNING - No details found for Sad Sci-Fi (Sample)
2026-04-07 14:52:49,006 - root - WARNING - OMDB API error: Movie not found!
2026-04-07 14:52:49,008 - root - WARNING - No details found for Sad Sci-Fi (Sample)
2026-04-07 14:52:49,289 - root - WARNING - OMDB API error: Movie not found!
2026-04-07 14:52:49,290 - root - WARNING - No details found for Sad Sci-Fi (Sample)
2026-04-07 14:52:49,584 - root - WARNING - OMDB API error: Movie not found!
2026-04-07 14:52:49,585 - root - WARNING - No details found for Sad Sci-Fi (Sample)
2026-04-07 14:52:49,863 - root - WARNING - OMDB API error: Movie not found!
2026-04-07 14:52:49,864 - root - WARNING - No details found for Sad Sci-Fi (Sample)
2026-04-07 14:52:50,177 - root - WARNING - OMDB API error: Movie not found!
2026-04-07 14:52:50,178 - root - WARNING - No details found for Sad Sci-Fi (Sample)
2026-04-07 14:52:50,476 - root - WARNING - OMDB API error: Movie not found!
2026-04-07 14:52:50,478 - root - WARNING - No details found for Sad Sci-Fi (Sample)
2026-04-07 14:52:50,804 - root - WARNING - OMDB API error: Movie not found!
2026-04-07 14:52:50,805 - root - WARNING - No details found for Sad Sci-Fi (Sample)
2026-04-07 14:52:51,090 - root - WARNING - OMDB API error: Movie not found!
2026-04-07 14:52:51,091 - root - WARNING - No details found for Sad Sci-Fi (Sample)
2026-04-07 15:25:49,805 - root - ERROR - Database initialization error: disk I/O error
2026-04-07 15:25:51,599 - root - ERROR - Database operation error: disk I/O error
2026-04-07 15:25:53,080 - root - ERROR - Database error in get_recommendation_feedback_rows: disk I/O error
2026-04-07 15:25:54,534 - root - ERROR - Database error in get_recommendation_feedback_rows: disk I/O error
2026-04-07 15:27:04,387 - root - ERROR - Database initialization error: disk I/O error
2026-04-07 15:27:06,273 - root - ERROR - Database operation error: disk I/O error
2026-04-07 15:27:09,195 - root - ERROR - Database error in get_recommendation_feedback_rows: no such table: recommendation_feedback
2026-04-07 15:27:12,120 - root - ERROR - Database error in get_recommendation_feedback_rows: no such table: recommendation_feedback
2026-04-07 15:37:37,941 - root - WARNING - OMDB API error: Movie not found!
2026-04-07 15:37:39,094 - root - WARNING - OMDB API error: Movie not found!
2026-04-07 15:37:39,095 - root - WARNING - No details found for More Smart Sci-Fi Movies (Sample)
2026-04-07 15:37:39,372 - root - WARNING - OMDB API error: Movie not found!
2026-04-07 15:37:39,372 - root - WARNING - No details found for More Smart Sci-Fi Movies (Sample)
2026-04-07 15:37:39,673 - root - WARNING - OMDB API error: Movie not found!
2026-04-07 15:37:39,674 - root - WARNING - No details found for More Smart Sci-Fi Movies (Sample)
2026-04-07 15:37:39,970 - root - WARNING - OMDB API error: Movie not found!
2026-04-07 15:37:39,972 - root - WARNING - No details found for More Smart Sci-Fi Movies (Sample)
2026-04-07 15:37:40,270 - root - WARNING - OMDB API error: Movie not found!
2026-04-07 15:37:40,271 - root - WARNING - No details found for More Smart Sci-Fi Movies (Sample)
2026-04-07 15:37:40,542 - root - WARNING - OMDB API error: Movie not found!
2026-04-07 15:37:40,543 - root - WARNING - No details found for More Smart Sci-Fi Movies (Sample)
2026-04-07 15:37:40,832 - root - WARNING - OMDB API error: Movie not found!
2026-04-07 15:37:40,834 - root - WARNING - No details found for More Smart Sci-Fi Movies (Sample)
2026-04-07 15:37:41,115 - root - WARNING - OMDB API error: Movie not found!
2026-04-07 15:37:41,115 - root - WARNING - No details found for More Smart Sci-Fi Movies (Sample)
2026-04-07 15:37:41,405 - root - WARNING - OMDB API error: Movie not found!
2026-04-07 15:37:41,406 - root - WARNING - No details found for More Smart Sci-Fi Movies (Sample)
2026-04-07 15:37:41,796 - root - WARNING - OMDB API error: Movie not found!
2026-04-07 15:37:41,797 - root - WARNING - No details found for More Smart Sci-Fi Movies (Sample)
2026-04-07 15:37:52,656 - root - WARNING - OMDB API error: Movie not found!
2026-04-07 15:37:53,907 - root - WARNING - OMDB API error: Movie not found!
2026-04-07 15:37:53,907 - root - WARNING - No details found for More Smart Sci-Fi Movies (Sample)
2026-04-07 15:37:54,181 - root - WARNING - OMDB API error: Movie not found!
2026-04-07 15:37:54,181 - root - WARNING - No details found for More Smart Sci-Fi Movies (Sample)
2026-04-07 15:37:54,462 - root - WARNING - OMDB API error: Movie not found!
2026-04-07 15:37:54,463 - root - WARNING - No details found for More Smart Sci-Fi Movies (Sample)
2026-04-07 15:37:54,734 - root - WARNING - OMDB API error: Movie not found!
2026-04-07 15:37:54,735 - root - WARNING - No details found for More Smart Sci-Fi Movies (Sample)
2026-04-07 15:37:55,027 - root - WARNING - OMDB API error: Movie not found!
2026-04-07 15:37:55,027 - root - WARNING - No details found for More Smart Sci-Fi Movies (Sample)
2026-04-07 15:37:55,306 - root - WARNING - OMDB API error: Movie not found!
2026-04-07 15:37:55,307 - root - WARNING - No details found for More Smart Sci-Fi Movies (Sample)
2026-04-07 15:37:55,594 - root - WARNING - OMDB API error: Movie not found!
2026-04-07 15:37:55,599 - root - WARNING - No details found for More Smart Sci-Fi Movies (Sample)
2026-04-07 15:37:55,901 - root - WARNING - OMDB API error: Movie not found!
2026-04-07 15:37:55,902 - root - WARNING - No details found for More Smart Sci-Fi Movies (Sample)
2026-04-07 15:37:56,198 - root - WARNING - OMDB API error: Movie not found!
2026-04-07 15:37:56,198 - root - WARNING - No details found for More Smart Sci-Fi Movies (Sample)
2026-04-07 15:37:56,472 - root - WARNING - OMDB API error: Movie not found!
2026-04-07 15:37:56,472 - root - WARNING - No details found for More Smart Sci-Fi Movies (Sample)
2026-04-07 15:38:28,392 - root - WARNING - OMDB API error: Movie not found!
2026-04-07 15:38:29,523 - root - WARNING - OMDB API error: Movie not found!
2026-04-07 15:38:29,523 - root - WARNING - No details found for More Smart Sci-Fi Movies (Sample)
2026-04-07 15:38:29,807 - root - WARNING - OMDB API error: Movie not found!
2026-04-07 15:38:29,808 - root - WARNING - No details found for More Smart Sci-Fi Movies (Sample)
2026-04-07 15:38:30,100 - root - WARNING - OMDB API error: Movie not found!
2026-04-07 15:38:30,100 - root - WARNING - No details found for More Smart Sci-Fi Movies (Sample)
2026-04-07 15:38:30,394 - root - WARNING - OMDB API error: Movie not found!
2026-04-07 15:38:30,454 - root - WARNING - No details found for More Smart Sci-Fi Movies (Sample)
2026-04-07 15:38:30,812 - root - WARNING - OMDB API error: Movie not found!
2026-04-07 15:38:30,813 - root - WARNING - No details found for More Smart Sci-Fi Movies (Sample)
2026-04-07 15:38:31,103 - root - WARNING - OMDB API error: Movie not found!
2026-04-07 15:38:31,103 - root - WARNING - No details found for More Smart Sci-Fi Movies (Sample)
2026-04-07 15:38:31,388 - root - WARNING - OMDB API error: Movie not found!
2026-04-07 15:38:31,391 - root - WARNING - No details found for More Smart Sci-Fi Movies (Sample)
2026-04-07 15:38:31,671 - root - WARNING - OMDB API error: Movie not found!
2026-04-07 15:38:31,672 - root - WARNING - No details found for More Smart Sci-Fi Movies (Sample)
2026-04-07 15:38:31,956 - root - WARNING - OMDB API error: Movie not found!
2026-04-07 15:38:31,956 - root - WARNING - No details found for More Smart Sci-Fi Movies (Sample)
2026-04-07 15:38:32,255 - root - WARNING - OMDB API error: Movie not found!
2026-04-07 15:38:32,256 - root - WARNING - No details found for More Smart Sci-Fi Movies (Sample)
2026-04-07 15:38:39,588 - root - WARNING - OMDB API error: Movie not found!
2026-04-07 15:38:40,800 - root - WARNING - OMDB API error: Movie not found!
2026-04-07 15:38:40,804 - root - WARNING - No details found for More Smart Sci-Fi Movies (Sample)
2026-04-07 15:38:41,126 - root - WARNING - OMDB API error: Movie not found!
2026-04-07 15:38:41,127 - root - WARNING - No details found for More Smart Sci-Fi Movies (Sample)
2026-04-07 15:38:41,479 - root - WARNING - OMDB API error: Movie not found!
2026-04-07 15:38:41,480 - root - WARNING - No details found for More Smart Sci-Fi Movies (Sample)
2026-04-07 15:38:41,768 - root - WARNING - OMDB API error: Movie not found!
2026-04-07 15:38:41,769 - root - WARNING - No details found for More Smart Sci-Fi Movies (Sample)
2026-04-07 15:38:42,177 - root - WARNING - OMDB API error: Movie not found!
2026-04-07 15:38:42,178 - root - WARNING - No details found for More Smart Sci-Fi Movies (Sample)
2026-04-07 15:38:42,468 - root - WARNING - OMDB API error: Movie not found!
2026-04-07 15:38:42,469 - root - WARNING - No details found for More Smart Sci-Fi Movies (Sample)
2026-04-07 15:38:42,777 - root - WARNING - OMDB API error: Movie not found!
2026-04-07 15:38:42,778 - root - WARNING - No details found for More Smart Sci-Fi Movies (Sample)
2026-04-07 15:38:43,061 - root - WARNING - OMDB API error: Movie not found!
2026-04-07 15:38:43,062 - root - WARNING - No details found for More Smart Sci-Fi Movies (Sample)
2026-04-07 15:38:43,368 - root - WARNING - OMDB API error: Movie not found!
2026-04-07 15:38:43,375 - root - WARNING - No details found for More Smart Sci-Fi Movies (Sample)
2026-04-07 15:38:43,695 - root - WARNING - OMDB API error: Movie not found!
2026-04-07 15:38:43,695 - root - WARNING - No details found for More Smart Sci-Fi Movies (Sample)
2026-04-07 15:38:47,473 - root - WARNING - OMDB API error: Movie not found!
2026-04-07 15:38:48,688 - root - WARNING - OMDB API error: Movie not found!
2026-04-07 15:38:48,688 - root - WARNING - No details found for More Smart Sci-Fi Movies (Sample)
2026-04-07 15:38:48,963 - root - WARNING - OMDB API error: Movie not found!
2026-04-07 15:38:48,964 - root - WARNING - No details found for More Smart Sci-Fi Movies (Sample)
2026-04-07 15:38:49,245 - root - WARNING - OMDB API error: Movie not found!
2026-04-07 15:38:49,246 - root - WARNING - No details found for More Smart Sci-Fi Movies (Sample)
2026-04-07 15:38:49,525 - root - WARNING - OMDB API error: Movie not found!
2026-04-07 15:38:49,525 - root - WARNING - No details found for More Smart Sci-Fi Movies (Sample)
2026-04-07 15:38:49,807 - root - WARNING - OMDB API error: Movie not found!
2026-04-07 15:38:49,810 - root - WARNING - No details found for More Smart Sci-Fi Movies (Sample)
2026-04-07 15:38:50,103 - root - WARNING - OMDB API error: Movie not found!
2026-04-07 15:38:50,103 - root - WARNING - No details found for More Smart Sci-Fi Movies (Sample)
2026-04-07 15:38:50,381 - root - WARNING - OMDB API error: Movie not found!
2026-04-07 15:38:50,382 - root - WARNING - No details found for More Smart Sci-Fi Movies (Sample)
2026-04-07 15:38:50,651 - root - WARNING - OMDB API error: Movie not found!
2026-04-07 15:38:50,652 - root - WARNING - No details found for More Smart Sci-Fi Movies (Sample)
2026-04-07 15:38:50,940 - root - WARNING - OMDB API error: Movie not found!
2026-04-07 15:38:50,940 - root - WARNING - No details found for More Smart Sci-Fi Movies (Sample)
2026-04-07 15:38:51,209 - root - WARNING - OMDB API error: Movie not found!
2026-04-07 15:38:51,212 - root - WARNING - No details found for More Smart Sci-Fi Movies (Sample)
2026-04-07 16:01:19,001 - root - ERROR - Attempt 1 failed: HTTPConnectionPool(host='127.0.0.1', port=9): Max retries exceeded with url: http://www.omdbapi.com/?apikey=9771bb71&t=Inception&plot=full&r=json&y=2010 (Caused by ProxyError('Unable to connect to proxy', NewConnectionError("HTTPConnection(host='127.0.0.1', port=9): Failed to establish a new connection: [WinError 10061] No connection could be made because the target machine actively refused it")))
2026-04-07 16:01:23,053 - root - ERROR - Attempt 2 failed: HTTPConnectionPool(host='127.0.0.1', port=9): Max retries exceeded with url: http://www.omdbapi.com/?apikey=9771bb71&t=Inception&plot=full&r=json&y=2010 (Caused by ProxyError('Unable to connect to proxy', NewConnectionError("HTTPConnection(host='127.0.0.1', port=9): Failed to establish a new connection: [WinError 10061] No connection could be made because the target machine actively refused it")))
2026-04-07 16:01:27,087 - root - ERROR - Attempt 3 failed: HTTPConnectionPool(host='127.0.0.1', port=9): Max retries exceeded with url: http://www.omdbapi.com/?apikey=9771bb71&t=Inception&plot=full&r=json&y=2010 (Caused by ProxyError('Unable to connect to proxy', NewConnectionError("HTTPConnection(host='127.0.0.1', port=9): Failed to establish a new connection: [WinError 10061] No connection could be made because the target machine actively refused it")))
2026-04-07 16:01:27,088 - root - ERROR - Failed to fetch from OMDB after 3 attempts, using fallback
2026-04-07 16:01:27,088 - root - WARNING - No details found for Inception
2026-04-07 16:01:29,127 - root - ERROR - Attempt 1 failed: HTTPConnectionPool(host='127.0.0.1', port=9): Max retries exceeded with url: http://www.omdbapi.com/?apikey=9771bb71&t=Interstellar&plot=full&r=json&y=2014 (Caused by ProxyError('Unable to connect to proxy', NewConnectionError("HTTPConnection(host='127.0.0.1', port=9): Failed to establish a new connection: [WinError 10061] No connection could be made because the target machine actively refused it")))
2026-04-07 16:01:33,160 - root - ERROR - Attempt 2 failed: HTTPConnectionPool(host='127.0.0.1', port=9): Max retries exceeded with url: http://www.omdbapi.com/?apikey=9771bb71&t=Interstellar&plot=full&r=json&y=2014 (Caused by ProxyError('Unable to connect to proxy', NewConnectionError("HTTPConnection(host='127.0.0.1', port=9): Failed to establish a new connection: [WinError 10061] No connection could be made because the target machine actively refused it")))
2026-04-07 16:01:37,226 - root - ERROR - Attempt 3 failed: HTTPConnectionPool(host='127.0.0.1', port=9): Max retries exceeded with url: http://www.omdbapi.com/?apikey=9771bb71&t=Interstellar&plot=full&r=json&y=2014 (Caused by ProxyError('Unable to connect to proxy', NewConnectionError("HTTPConnection(host='127.0.0.1', port=9): Failed to establish a new connection: [WinError 10061] No connection could be made because the target machine actively refused it")))
2026-04-07 16:01:37,226 - root - ERROR - Failed to fetch from OMDB after 3 attempts, using fallback
2026-04-07 16:01:37,226 - root - WARNING - No details found for Interstellar
2026-04-07 16:01:39,260 - root - ERROR - Attempt 1 failed: HTTPConnectionPool(host='127.0.0.1', port=9): Max retries exceeded with url: http://www.omdbapi.com/?apikey=9771bb71&t=The+Matrix&plot=full&r=json&y=1999 (Caused by ProxyError('Unable to connect to proxy', NewConnectionError("HTTPConnection(host='127.0.0.1', port=9): Failed to establish a new connection: [WinError 10061] No connection could be made because the target machine actively refused it")))
2026-04-07 16:01:43,309 - root - ERROR - Attempt 2 failed: HTTPConnectionPool(host='127.0.0.1', port=9): Max retries exceeded with url: http://www.omdbapi.com/?apikey=9771bb71&t=The+Matrix&plot=full&r=json&y=1999 (Caused by ProxyError('Unable to connect to proxy', NewConnectionError("HTTPConnection(host='127.0.0.1', port=9): Failed to establish a new connection: [WinError 10061] No connection could be made because the target machine actively refused it")))
2026-04-07 16:01:47,325 - root - ERROR - Attempt 3 failed: HTTPConnectionPool(host='127.0.0.1', port=9): Max retries exceeded with url: http://www.omdbapi.com/?apikey=9771bb71&t=The+Matrix&plot=full&r=json&y=1999 (Caused by ProxyError('Unable to connect to proxy', NewConnectionError("HTTPConnection(host='127.0.0.1', port=9): Failed to establish a new connection: [WinError 10061] No connection could be made because the target machine actively refused it")))
2026-04-07 16:01:47,325 - root - ERROR - Failed to fetch from OMDB after 3 attempts, using fallback
2026-04-07 16:01:47,325 - root - WARNING - No details found for The Matrix
2026-04-07 16:01:49,380 - root - ERROR - Attempt 1 failed: HTTPConnectionPool(host='127.0.0.1', port=9): Max retries exceeded with url: http://www.omdbapi.com/?apikey=9771bb71&t=The+Adam+Project&plot=full&r=json&y=2022 (Caused by ProxyError('Unable to connect to proxy', NewConnectionError("HTTPConnection(host='127.0.0.1', port=9): Failed to establish a new connection: [WinError 10061] No connection could be made because the target machine actively refused it")))
2026-04-07 16:01:53,427 - root - ERROR - Attempt 2 failed: HTTPConnectionPool(host='127.0.0.1', port=9): Max retries exceeded with url: http://www.omdbapi.com/?apikey=9771bb71&t=The+Adam+Project&plot=full&r=json&y=2022 (Caused by ProxyError('Unable to connect to proxy', NewConnectionError("HTTPConnection(host='127.0.0.1', port=9): Failed to establish a new connection: [WinError 10061] No connection could be made because the target machine actively refused it")))
2026-04-07 16:01:57,464 - root - ERROR - Attempt 3 failed: HTTPConnectionPool(host='127.0.0.1', port=9): Max retries exceeded with url: http://www.omdbapi.com/?apikey=9771bb71&t=The+Adam+Project&plot=full&r=json&y=2022 (Caused by ProxyError('Unable to connect to proxy', NewConnectionError("HTTPConnection(host='127.0.0.1', port=9): Failed to establish a new connection: [WinError 10061] No connection could be made because the target machine actively refused it")))
2026-04-07 16:01:57,464 - root - ERROR - Failed to fetch from OMDB after 3 attempts, using fallback
2026-04-07 16:01:57,464 - root - WARNING - No details found for The Adam Project
2026-04-07 16:01:59,513 - root - ERROR - Attempt 1 failed: HTTPConnectionPool(host='127.0.0.1', port=9): Max retries exceeded with url: http://www.omdbapi.com/?apikey=9771bb71&t=65&plot=full&r=json&y=2023 (Caused by ProxyError('Unable to connect to proxy', NewConnectionError("HTTPConnection(host='127.0.0.1', port=9): Failed to establish a new connection: [WinError 10061] No connection could be made because the target machine actively refused it")))
2026-04-07 16:02:03,543 - root - ERROR - Attempt 2 failed: HTTPConnectionPool(host='127.0.0.1', port=9): Max retries exceeded with url: http://www.omdbapi.com/?apikey=9771bb71&t=65&plot=full&r=json&y=2023 (Caused by ProxyError('Unable to connect to proxy', NewConnectionError("HTTPConnection(host='127.0.0.1', port=9): Failed to establish a new connection: [WinError 10061] No connection could be made because the target machine actively refused it")))
2026-04-07 16:02:07,593 - root - ERROR - Attempt 3 failed: HTTPConnectionPool(host='127.0.0.1', port=9): Max retries exceeded with url: http://www.omdbapi.com/?apikey=9771bb71&t=65&plot=full&r=json&y=2023 (Caused by ProxyError('Unable to connect to proxy', NewConnectionError("HTTPConnection(host='127.0.0.1', port=9): Failed to establish a new connection: [WinError 10061] No connection could be made because the target machine actively refused it")))
2026-04-07 16:02:07,593 - root - ERROR - Failed to fetch from OMDB after 3 attempts, using fallback
2026-04-07 16:02:07,593 - root - WARNING - No details found for 65
2026-04-07 16:02:09,637 - root - ERROR - Attempt 1 failed: HTTPConnectionPool(host='127.0.0.1', port=9): Max retries exceeded with url: http://www.omdbapi.com/?apikey=9771bb71&t=The+Tomorrow+War&plot=full&r=json&y=2021 (Caused by ProxyError('Unable to connect to proxy', NewConnectionError("HTTPConnection(host='127.0.0.1', port=9): Failed to establish a new connection: [WinError 10061] No connection could be made because the target machine actively refused it")))
2026-04-07 16:02:13,677 - root - ERROR - Attempt 2 failed: HTTPConnectionPool(host='127.0.0.1', port=9): Max retries exceeded with url: http://www.omdbapi.com/?apikey=9771bb71&t=The+Tomorrow+War&plot=full&r=json&y=2021 (Caused by ProxyError('Unable to connect to proxy', NewConnectionError("HTTPConnection(host='127.0.0.1', port=9): Failed to establish a new connection: [WinError 10061] No connection could be made because the target machine actively refused it")))
2026-04-07 16:02:17,688 - root - ERROR - Attempt 3 failed: HTTPConnectionPool(host='127.0.0.1', port=9): Max retries exceeded with url: http://www.omdbapi.com/?apikey=9771bb71&t=The+Tomorrow+War&plot=full&r=json&y=2021 (Caused by ProxyError('Unable to connect to proxy', NewConnectionError("HTTPConnection(host='127.0.0.1', port=9): Failed to establish a new connection: [WinError 10061] No connection could be made because the target machine actively refused it")))
2026-04-07 16:02:17,688 - root - ERROR - Failed to fetch from OMDB after 3 attempts, using fallback
2026-04-07 16:02:17,688 - root - WARNING - No details found for The Tomorrow War
2026-04-07 16:02:19,705 - root - ERROR - Attempt 1 failed: HTTPConnectionPool(host='127.0.0.1', port=9): Max retries exceeded with url: http://www.omdbapi.com/?apikey=9771bb71&t=Avatar%3A+The+Way+of+Water&plot=full&r=json&y=2022 (Caused by ProxyError('Unable to connect to proxy', NewConnectionError("HTTPConnection(host='127.0.0.1', port=9): Failed to establish a new connection: [WinError 10061] No connection could be made because the target machine actively refused it")))
2026-04-07 16:02:23,741 - root - ERROR - Attempt 2 failed: HTTPConnectionPool(host='127.0.0.1', port=9): Max retries exceeded with url: http://www.omdbapi.com/?apikey=9771bb71&t=Avatar%3A+The+Way+of+Water&plot=full&r=json&y=2022 (Caused by ProxyError('Unable to connect to proxy', NewConnectionError("HTTPConnection(host='127.0.0.1', port=9): Failed to establish a new connection: [WinError 10061] No connection could be made because the target machine actively refused it")))
2026-04-07 16:02:27,776 - root - ERROR - Attempt 3 failed: HTTPConnectionPool(host='127.0.0.1', port=9): Max retries exceeded with url: http://www.omdbapi.com/?apikey=9771bb71&t=Avatar%3A+The+Way+of+Water&plot=full&r=json&y=2022 (Caused by ProxyError('Unable to connect to proxy', NewConnectionError("HTTPConnection(host='127.0.0.1', port=9): Failed to establish a new connection: [WinError 10061] No connection could be made because the target machine actively refused it")))
2026-04-07 16:02:27,776 - root - ERROR - Failed to fetch from OMDB after 3 attempts, using fallback
2026-04-07 16:02:27,776 - root - WARNING - No details found for Avatar: The Way of Water
2026-04-07 16:02:29,807 - root - ERROR - Attempt 1 failed: HTTPConnectionPool(host='127.0.0.1', port=9): Max retries exceeded with url: http://www.omdbapi.com/?apikey=9771bb71&t=Dune&plot=full&r=json&y=2021 (Caused by ProxyError('Unable to connect to proxy', NewConnectionError("HTTPConnection(host='127.0.0.1', port=9): Failed to establish a new connection: [WinError 10061] No connection could be made because the target machine actively refused it")))
2026-04-07 16:02:33,841 - root - ERROR - Attempt 2 failed: HTTPConnectionPool(host='127.0.0.1', port=9): Max retries exceeded with url: http://www.omdbapi.com/?apikey=9771bb71&t=Dune&plot=full&r=json&y=2021 (Caused by ProxyError('Unable to connect to proxy', NewConnectionError("HTTPConnection(host='127.0.0.1', port=9): Failed to establish a new connection: [WinError 10061] No connection could be made because the target machine actively refused it")))
2026-04-07 16:02:37,888 - root - ERROR - Attempt 3 failed: HTTPConnectionPool(host='127.0.0.1', port=9): Max retries exceeded with url: http://www.omdbapi.com/?apikey=9771bb71&t=Dune&plot=full&r=json&y=2021 (Caused by ProxyError('Unable to connect to proxy', NewConnectionError("HTTPConnection(host='127.0.0.1', port=9): Failed to establish a new connection: [WinError 10061] No connection could be made because the target machine actively refused it")))
2026-04-07 16:02:37,888 - root - ERROR - Failed to fetch from OMDB after 3 attempts, using fallback
2026-04-07 16:02:37,889 - root - WARNING - No details found for Dune
2026-04-07 16:02:39,930 - root - ERROR - Attempt 1 failed: HTTPConnectionPool(host='127.0.0.1', port=9): Max retries exceeded with url: http://www.omdbapi.com/?apikey=9771bb71&t=Dune%3A+Part+Two&plot=full&r=json&y=2024 (Caused by ProxyError('Unable to connect to proxy', NewConnectionError("HTTPConnection(host='127.0.0.1', port=9): Failed to establish a new connection: [WinError 10061] No connection could be made because the target machine actively refused it")))
2026-04-07 16:02:43,985 - root - ERROR - Attempt 2 failed: HTTPConnectionPool(host='127.0.0.1', port=9): Max retries exceeded with url: http://www.omdbapi.com/?apikey=9771bb71&t=Dune%3A+Part+Two&plot=full&r=json&y=2024 (Caused by ProxyError('Unable to connect to proxy', NewConnectionError("HTTPConnection(host='127.0.0.1', port=9): Failed to establish a new connection: [WinError 10061] No connection could be made because the target machine actively refused it")))
2026-04-07 16:02:48,032 - root - ERROR - Attempt 3 failed: HTTPConnectionPool(host='127.0.0.1', port=9): Max retries exceeded with url: http://www.omdbapi.com/?apikey=9771bb71&t=Dune%3A+Part+Two&plot=full&r=json&y=2024 (Caused by ProxyError('Unable to connect to proxy', NewConnectionError("HTTPConnection(host='127.0.0.1', port=9): Failed to establish a new connection: [WinError 10061] No connection could be made because the target machine actively refused it")))
2026-04-07 16:02:48,032 - root - ERROR - Failed to fetch from OMDB after 3 attempts, using fallback
2026-04-07 16:02:48,032 - root - WARNING - No details found for Dune: Part Two
2026-04-07 16:02:50,074 - root - ERROR - Attempt 1 failed: HTTPConnectionPool(host='127.0.0.1', port=9): Max retries exceeded with url: http://www.omdbapi.com/?apikey=9771bb71&t=The+Gray+Man&plot=full&r=json&y=2022 (Caused by ProxyError('Unable to connect to proxy', NewConnectionError("HTTPConnection(host='127.0.0.1', port=9): Failed to establish a new connection: [WinError 10061] No connection could be made because the target machine actively refused it")))
2026-04-07 16:02:54,109 - root - ERROR - Attempt 2 failed: HTTPConnectionPool(host='127.0.0.1', port=9): Max retries exceeded with url: http://www.omdbapi.com/?apikey=9771bb71&t=The+Gray+Man&plot=full&r=json&y=2022 (Caused by ProxyError('Unable to connect to proxy', NewConnectionError("HTTPConnection(host='127.0.0.1', port=9): Failed to establish a new connection: [WinError 10061] No connection could be made because the target machine actively refused it")))
2026-04-07 16:02:58,150 - root - ERROR - Attempt 3 failed: HTTPConnectionPool(host='127.0.0.1', port=9): Max retries exceeded with url: http://www.omdbapi.com/?apikey=9771bb71&t=The+Gray+Man&plot=full&r=json&y=2022 (Caused by ProxyError('Unable to connect to proxy', NewConnectionError("HTTPConnection(host='127.0.0.1', port=9): Failed to establish a new connection: [WinError 10061] No connection could be made because the target machine actively refused it")))
2026-04-07 16:02:58,150 - root - ERROR - Failed to fetch from OMDB after 3 attempts, using fallback
2026-04-07 16:02:58,150 - root - WARNING - No details found for The Gray Man
2026-04-07 16:03:00,192 - root - ERROR - Attempt 1 failed: HTTPConnectionPool(host='127.0.0.1', port=9): Max retries exceeded with url: http://www.omdbapi.com/?apikey=9771bb71&t=Red+Notice&plot=full&r=json&y=2021 (Caused by ProxyError('Unable to connect to proxy', NewConnectionError("HTTPConnection(host='127.0.0.1', port=9): Failed to establish a new connection: [WinError 10061] No connection could be made because the target machine actively refused it")))
2026-04-07 16:03:04,234 - root - ERROR - Attempt 2 failed: HTTPConnectionPool(host='127.0.0.1', port=9): Max retries exceeded with url: http://www.omdbapi.com/?apikey=9771bb71&t=Red+Notice&plot=full&r=json&y=2021 (Caused by ProxyError('Unable to connect to proxy', NewConnectionError("HTTPConnection(host='127.0.0.1', port=9): Failed to establish a new connection: [WinError 10061] No connection could be made because the target machine actively refused it")))
2026-04-07 16:03:08,273 - root - ERROR - Attempt 3 failed: HTTPConnectionPool(host='127.0.0.1', port=9): Max retries exceeded with url: http://www.omdbapi.com/?apikey=9771bb71&t=Red+Notice&plot=full&r=json&y=2021 (Caused by ProxyError('Unable to connect to proxy', NewConnectionError("HTTPConnection(host='127.0.0.1', port=9): Failed to establish a new connection: [WinError 10061] No connection could be made because the target machine actively refused it")))
2026-04-07 16:03:08,274 - root - ERROR - Failed to fetch from OMDB after 3 attempts, using fallback
2026-04-07 16:03:08,274 - root - WARNING - No details found for Red Notice
2026-04-07 16:03:10,295 - root - ERROR - Attempt 1 failed: HTTPConnectionPool(host='127.0.0.1', port=9): Max retries exceeded with url: http://www.omdbapi.com/?apikey=9771bb71&t=Spider-Man%3A+No+Way+Home&plot=full&r=json&y=2021 (Caused by ProxyError('Unable to connect to proxy', NewConnectionError("HTTPConnection(host='127.0.0.1', port=9): Failed to establish a new connection: [WinError 10061] No connection could be made because the target machine actively refused it")))
2026-04-07 16:03:14,328 - root - ERROR - Attempt 2 failed: HTTPConnectionPool(host='127.0.0.1', port=9): Max retries exceeded with url: http://www.omdbapi.com/?apikey=9771bb71&t=Spider-Man%3A+No+Way+Home&plot=full&r=json&y=2021 (Caused by ProxyError('Unable to connect to proxy', NewConnectionError("HTTPConnection(host='127.0.0.1', port=9): Failed to establish a new connection: [WinError 10061] No connection could be made because the target machine actively refused it")))
2026-04-07 16:03:18,353 - root - ERROR - Attempt 3 failed: HTTPConnectionPool(host='127.0.0.1', port=9): Max retries exceeded with url: http://www.omdbapi.com/?apikey=9771bb71&t=Spider-Man%3A+No+Way+Home&plot=full&r=json&y=2021 (Caused by ProxyError('Unable to connect to proxy', NewConnectionError("HTTPConnection(host='127.0.0.1', port=9): Failed to establish a new connection: [WinError 10061] No connection could be made because the target machine actively refused it")))
2026-04-07 16:03:18,353 - root - ERROR - Failed to fetch from OMDB after 3 attempts, using fallback
2026-04-07 16:03:18,353 - root - WARNING - No details found for Spider-Man: No Way Home
2026-04-07 16:03:20,390 - root - ERROR - Attempt 1 failed: HTTPConnectionPool(host='127.0.0.1', port=9): Max retries exceeded with url: http://www.omdbapi.com/?apikey=9771bb71&t=The+Little+Mermaid&plot=full&r=json&y=2023 (Caused by ProxyError('Unable to connect to proxy', NewConnectionError("HTTPConnection(host='127.0.0.1', port=9): Failed to establish a new connection: [WinError 10061] No connection could be made because the target machine actively refused it")))
2026-04-07 16:03:24,431 - root - ERROR - Attempt 2 failed: HTTPConnectionPool(host='127.0.0.1', port=9): Max retries exceeded with url: http://www.omdbapi.com/?apikey=9771bb71&t=The+Little+Mermaid&plot=full&r=json&y=2023 (Caused by ProxyError('Unable to connect to proxy', NewConnectionError("HTTPConnection(host='127.0.0.1', port=9): Failed to establish a new connection: [WinError 10061] No connection could be made because the target machine actively refused it")))
2026-04-07 16:03:28,473 - root - ERROR - Attempt 3 failed: HTTPConnectionPool(host='127.0.0.1', port=9): Max retries exceeded with url: http://www.omdbapi.com/?apikey=9771bb71&t=The+Little+Mermaid&plot=full&r=json&y=2023 (Caused by ProxyError('Unable to connect to proxy', NewConnectionError("HTTPConnection(host='127.0.0.1', port=9): Failed to establish a new connection: [WinError 10061] No connection could be made because the target machine actively refused it")))
2026-04-07 16:03:28,473 - root - ERROR - Failed to fetch from OMDB after 3 attempts, using fallback
2026-04-07 16:03:28,473 - root - WARNING - No details found for The Little Mermaid
2026-04-07 16:03:30,517 - root - ERROR - Attempt 1 failed: HTTPConnectionPool(host='127.0.0.1', port=9): Max retries exceeded with url: http://www.omdbapi.com/?apikey=9771bb71&t=Wonka&plot=full&r=json&y=2023 (Caused by ProxyError('Unable to connect to proxy', NewConnectionError("HTTPConnection(host='127.0.0.1', port=9): Failed to establish a new connection: [WinError 10061] No connection could be made because the target machine actively refused it")))
2026-04-07 16:03:34,536 - root - ERROR - Attempt 2 failed: HTTPConnectionPool(host='127.0.0.1', port=9): Max retries exceeded with url: http://www.omdbapi.com/?apikey=9771bb71&t=Wonka&plot=full&r=json&y=2023 (Caused by ProxyError('Unable to connect to proxy', NewConnectionError("HTTPConnection(host='127.0.0.1', port=9): Failed to establish a new connection: [WinError 10061] No connection could be made because the target machine actively refused it")))
2026-04-07 16:03:38,572 - root - ERROR - Attempt 3 failed: HTTPConnectionPool(host='127.0.0.1', port=9): Max retries exceeded with url: http://www.omdbapi.com/?apikey=9771bb71&t=Wonka&plot=full&r=json&y=2023 (Caused by ProxyError('Unable to connect to proxy', NewConnectionError("HTTPConnection(host='127.0.0.1', port=9): Failed to establish a new connection: [WinError 10061] No connection could be made because the target machine actively refused it")))
2026-04-07 16:03:38,572 - root - ERROR - Failed to fetch from OMDB after 3 attempts, using fallback
2026-04-07 16:03:38,572 - root - WARNING - No details found for Wonka
2026-04-07 16:15:44,157 - root - WARNING - OMDB API error: Movie not found!
2026-04-07 16:15:45,195 - root - WARNING - OMDB API error: Movie not found!
2026-04-07 16:15:45,195 - root - WARNING - No details found for Interstaller (Sample)
2026-04-07 16:15:45,498 - root - WARNING - OMDB API error: Movie not found!
2026-04-07 16:15:45,499 - root - WARNING - No details found for Interstaller (Sample)
2026-04-07 16:15:45,779 - root - WARNING - OMDB API error: Movie not found!
2026-04-07 16:15:45,780 - root - WARNING - No details found for Interstaller (Sample)
2026-04-07 16:15:46,118 - root - WARNING - OMDB API error: Movie not found!
2026-04-07 16:15:46,118 - root - WARNING - No details found for Interstaller (Sample)
2026-04-07 16:15:46,409 - root - WARNING - OMDB API error: Movie not found!
2026-04-07 16:15:46,409 - root - WARNING - No details found for Interstaller (Sample)
2026-04-07 16:15:46,733 - root - WARNING - OMDB API error: Movie not found!
2026-04-07 16:15:46,734 - root - WARNING - No details found for Interstaller (Sample)
2026-04-07 16:15:47,014 - root - WARNING - OMDB API error: Movie not found!
2026-04-07 16:15:47,015 - root - WARNING - No details found for Interstaller (Sample)
2026-04-07 16:15:47,291 - root - WARNING - OMDB API error: Movie not found!
2026-04-07 16:15:47,291 - root - WARNING - No details found for Interstaller (Sample)
2026-04-07 16:15:47,576 - root - WARNING - OMDB API error: Movie not found!
2026-04-07 16:15:47,577 - root - WARNING - No details found for Interstaller (Sample)
2026-04-07 16:15:47,851 - root - WARNING - OMDB API error: Movie not found!
2026-04-07 16:15:47,851 - root - WARNING - No details found for Interstaller (Sample)
2026-04-07 16:15:59,495 - root - ERROR - Error searching anime: HTTPSConnectionPool(host='www.crunchyroll.com', port=443): Read timed out. (read timeout=10)
2026-04-07 16:16:06,942 - root - WARNING - OMDB API error: Movie not found!
2026-04-07 16:16:08,101 - root - WARNING - OMDB API error: Movie not found!
2026-04-07 16:16:08,102 - root - WARNING - No details found for Interstaller (Sample)
2026-04-07 16:16:08,402 - root - WARNING - OMDB API error: Movie not found!
2026-04-07 16:16:08,402 - root - WARNING - No details found for Interstaller (Sample)
2026-04-07 16:16:08,760 - root - WARNING - OMDB API error: Movie not found!
2026-04-07 16:16:08,760 - root - WARNING - No details found for Interstaller (Sample)
2026-04-07 16:16:09,117 - root - WARNING - OMDB API error: Movie not found!
2026-04-07 16:16:09,118 - root - WARNING - No details found for Interstaller (Sample)
2026-04-07 16:16:09,467 - root - WARNING - OMDB API error: Movie not found!
2026-04-07 16:16:09,467 - root - WARNING - No details found for Interstaller (Sample)
2026-04-07 16:16:09,989 - root - WARNING - OMDB API error: Movie not found!
2026-04-07 16:16:09,990 - root - WARNING - No details found for Interstaller (Sample)
2026-04-07 16:16:10,481 - root - WARNING - OMDB API error: Movie not found!
2026-04-07 16:16:10,481 - root - WARNING - No details found for Interstaller (Sample)
2026-04-07 16:16:11,286 - root - WARNING - OMDB API error: Movie not found!
2026-04-07 16:16:11,286 - root - WARNING - No details found for Interstaller (Sample)
2026-04-07 16:16:11,580 - root - WARNING - OMDB API error: Movie not found!
2026-04-07 16:16:11,580 - root - WARNING - No details found for Interstaller (Sample)
2026-04-07 16:16:12,543 - root - WARNING - OMDB API error: Movie not found!
2026-04-07 16:16:12,544 - root - WARNING - No details found for Interstaller (Sample)
